{"path": "/media/\u041d\u043e\u0432\u044b\u0439_\u0442\u0435\u043a\u0441\u0442\u043e\u0432\u044b\u0439_\u0434\u043e\u043a\u0443\u043c\u0435\u043d\u0442.txt"}
{"path": "/blog"}
{"path": "/"}
{"path": "/blog"}
{"path": "/blog"}
{"path": "/blog"}
{"path": "/blog"}
{"path": "/blog/"}
{"path": "/blog/1"}
{"path": "/blog/2"}
{"path": "/blog/3"}
{"path": "/"}
{"path": "/blog/"}
{"path": "/blog/1/"}
{"path": "/blog/1/"}
{"path": "/blog/1/"}
{"path": "/"}
{"path": "/blog/"}
{"path": "/blog/"}
{"path": "/"}
{"path": "/blog/1/"}
{"path": "/blog/2/"}
{"path": "/blog/"}
{"path": "/"}
{"path": "/blog/"}
{"path": "/blog/"}
{"path": "/blog/"}
{"path": "/"}
{"path": "/"}
{"path": "/"}
{"path": "/blog/"}
{"path": "/blog/1/"}
{"path": "/blog/2/"}
{"path": "/blog/2/"}
{"path": "/blog/2/"}
{"path": "/blog/2/"}
{"path": "/blog/"}
{"path": "/"}
{"path": "/"}
{"path": "/"}
{"path": "/"}
{"path": "/blog/"}
{"path": "/post/"}
{"path": "/post/2"}
{"path": "/blog/2/"}
{"path": "/blog/2/"}
{"path": "/blog/2/"}
{"path": "/blog/2/"}
{"path": "/blog/2/"}
{"path": "/blog/2/"}
{"path": "/blog/2/"}
{"path": "/blog/2/"}
{"path": "/blog/2/"}
{"path": "/blog/"}
{"path": "/"}
{"path": "/"}
{"path": "/"}
{"path": "/"}
{"path": "/"}
{"path": "/"}
{"path": "/"}
{"path": "/"}
{"path": "/"}
{"path": "/"}
{"path": "/"}
{"path": "/"}
{"path": "/"}
{"path": "/"}
{"path": "/"}
{"path": "/"}
{"path": "/blog/"}
{"path": "/blog/"}
{"path": "/"}
{"path": "/blog/"}
{"path": "/blog/"}
{"path": "/blog/"}
{"path": "/blog/"}
{"path": "/blog/"}
{"path": "/blog/2/"}
{"path": "/blog/3"}
{"path": "/post/3"}
{"path": "/post/"}
{"path": "/post2"}
{"path": "/post/2"}
{"path": "/media/"}
{"path": "/admin/"}
{"path": "/admin/files/upload/add/"}
{"path": "/admin/jsi18n/"}
{"path": "/admin/files/upload/add/"}
{"path": "/admin/files/upload/"}
{"path": "/admin/jsi18n/"}
{"path": "/admin/files/upload/3/change/"}
{"path": "/admin/jsi18n/"}
{"path": "/media/123.txt"}
{"path": "/blog/1/"}
{"path": "/blog/1/"}
{"path": "/blog/"}
{"path": "/"}
{"path": "/"}
{"path": "/"}
{"path": "/r/"}
{"path": "/r/"}
{"path": "/r/"}
{"path": "/"}
{"path": "/"}
{"path": "/"}
{"path": "/"}
{"path": "/"}
{"path": "/"}
{"path": "/"}
{"path": "/"}
{"path": "/"}
{"path": "/"}
{"path": "/"}
{"path": "/"}
{"path": "/blog/"}
{"path": "/blog/1/"}
{"path": "/blog/2/"}
{"path": "/blog/2/"}
{"path": "/blog/2/"}
{"path": "/blog/2/"}
{"path": "/blog/"}
{"path": "/blog/"}
{"path": "/blog/"}
{"path": "/blog/"}
{"path": "/"}
{"path": "/"}
{"path": "/blog/"}
{"path": "/blog/1/"}
{"path": "/blog/2/"}
{"path": "/post/"}
{"path": "/post/1/"}
{"path": "/blog/"}
{"path": "/blog/"}
{"path": "/blog/"}
{"path": "/blog/"}
{"path": "/blog/"}
{"path": "/blog/"}
{"path": "/blog/"}
{"path": "/blog/"}
{"path": "/blog/"}
{"path": "/blog/"}
{"path": "/blog/"}
{"path": "/blog/"}
{"path": "/"}
{"path": "/favicon.ico"}
{"path": "/blog/"}
{"path": "/blog/"}
{"path": "/blog/"}
{"path": "/blog/2"}
{"path": "/"}
{"path": "/blog/"}
{"path": "/blog/"}
{"path": "/blog/"}
{"path": "/blog/"}
{"path": "/blog/"}
{"path": "/blog/"}
{"path": "/blog/"}
{"path": "/1/"}
{"path": "/1/"}
{"path": "/1/"}
{"path": "/"}
{"path": "/blog/"}
{"path": "/blog/"}
{"path": "/blog/"}
{"path": "/blog/"}
{"path": "/blog/"}
{"path": "/blog/1"}
{"path": "/1/"}
{"path": "/blog/"}
{"path": "/blog/"}
{"path": "/blog/"}
{"path": "/blog/"}
{"path": "/blog/"}
{"path": "/blog/"}
{"path": "/blog/"}
{"path": "/blog/"}
{"path": "/blog/"}
{"path": "/1/"}
{"path": "/1/"}
{"path": "/blog/"}
{"path": "/blog/"}
{"path": "/blog/"}
{"path": "/blog/1/"}
{"path": "/blog/"}
{"path": "/blog/"}
{"path": "/blog/"}
{"path": "/blog/"}
{"path": "/blog/"}
{"path": "/blog/1/"}
{"path": "/blog/1/"}
{"path": "/blog/"}
{"path": "/blog/"}
{"path": "/blog/"}
{"path": "/blog/"}
{"path": "/blog/"}
{"path": "/1/"}
{"path": "/"}
{"path": "/"}
{"path": "/blog/"}
{"path": "/blog/1/"}
{"path": "/1/"}
{"path": "/info/"}
{"path": "/"}
{"path": "/"}
{"path": "/blog/"}
{"path": "/post/"}
{"path": "/post/"}
{"path": "/blog/"}
{"path": "/favicon.ico"}
{"path": "/post/"}
{"path": "/"}
{"path": "/blog/"}
{"path": "/blog/"}
{"path": "/blog/1/"}
{"path": "/blog/"}
{"path": "/blog/"}
{"path": "/blog/1/"}
{"path": "/"}
{"path": "/"}
{"path": "/"}
{"path": "/blog/"}
{"path": "/blog/1/"}
{"path": "/post/"}
{"path": "/blog/"}
{"path": "/blog/"}
{"path": "/blog/"}
{"path": "/"}
{"path": "/"}
{"path": "/blog/3/"}
{"path": "/"}
{"path": "/home/"}
{"path": "/"}
{"path": "/"}
{"path": "/blog/2/"}
{"path": "/"}
{"path": "/blog/3/"}
{"path": "/"}
{"path": "/blog/2/"}
{"path": "/"}
{"path": "/"}
{"path": "/blog/"}
{"path": "/home/"}
{"path": "/"}
{"path": "/blog/"}
{"path": "/blog/test/"}
{"path": "/blog/test/"}
{"path": "/blog/test/"}
{"path": "/"}
{"path": "/blog/"}
{"path": "/blog/1/"}
{"path": "/blog/1/"}
{"path": "/"}
{"path": "/info/"}
{"path": "/favicon.ico"}
{"path": "/"}
{"path": "/"}
{"path": "/file/"}
{"path": "/admin/files/upload/"}
{"path": "/admin/login/"}
{"path": "/admin/login/"}
{"path": "/admin/files/upload/"}
{"path": "/admin/jsi18n/"}
{"path": "/admin/files/upload/add/"}
{"path": "/admin/jsi18n/"}
{"path": "/"}
{"path": "/files/"}
{"path": "/files/"}
{"path": "/files/"}
{"path": "/files/"}
{"path": "/files/"}
{"path": "/file/"}
{"path": "/files/"}
{"path": "/files/"}
{"path": "/files/"}
{"path": "/files/"}
{"path": "/files/"}
{"path": "/files/"}
{"path": "/files/"}
{"path": "/files/"}
{"path": "/files/"}
{"path": "/files/"}
{"path": "/files/"}
{"path": "/files/"}
{"path": "/files/"}
{"path": "/files/"}
{"path": "/files/"}
{"path": "/files/"}
{"path": "/files/"}
{"path": "/"}
{"path": "/files/"}
{"path": "/files/"}
{"path": "/files/"}
{"path": "/files/"}
{"path": "/files/"}
{"path": "/files/"}
{"path": "/files/"}
{"path": "/files/"}
{"path": "/files/"}
{"path": "/media/documents/2020/12/17/file.txt"}
{"path": "/files/"}
{"path": "/files/"}
{"path": "/media/documents/2020/12/17/file.txt"}
{"path": "/files/"}
{"path": "/files/"}
{"path": "/files/"}
{"path": "/files/"}
{"path": "/files/"}
{"path": "/media/documents/2020/12/17/file.txt"}
{"path": "/files/"}
{"path": "/files/"}
{"path": "/media/documents/2020/12/17/file.txt"}
{"path": "/media/documents/2020/12/17/file.txt"}
{"path": "/files/"}
{"path": "/files/"}
{"path": "/files/"}
{"path": "/files/"}
{"path": "/files/"}
{"path": "/files/"}
{"path": "/files/"}
{"path": "/files/"}
{"path": "/files/"}
{"path": "/files/"}
{"path": "/files/"}
{"path": "/files/"}
{"path": "/files/"}
{"path": "/files/"}
{"path": "/files/"}
{"path": "/files/"}
{"path": "/files/"}
{"path": "/files/"}
{"path": "/files/"}
{"path": "/files/"}
{"path": "/files/"}
{"path": "/files/"}
{"path": "/files/"}
{"path": "/files/"}
{"path": "/files/"}
{"path": "/files/"}
{"path": "/"}
{"path": "/favicon.ico"}
{"path": "/files/"}
{"path": "/files/"}
{"path": "/files/"}
{"path": "/files/"}
{"path": "/files/"}
{"path": "/files/"}
{"path": "/files/"}
{"path": "/files/"}
{"path": "/files/"}
{"path": "/files/"}
{"path": "/files/"}
{"path": "/files/"}
{"path": "/files/"}
{"path": "/files/"}
{"path": "/files/"}
{"path": "/files/"}
{"path": "/files/"}
{"path": "/files/"}
{"path": "/files/"}
{"path": "/files/"}
{"path": "/files/"}
{"path": "/files/"}
{"path": "/files/"}
{"path": "/files/"}
{"path": "/files/"}
{"path": "/files/"}
{"path": "/files/"}
{"path": "/"}
{"path": "/files/"}
{"path": "/files/"}
{"path": "/files/"}
{"path": "/files/"}
{"path": "/files/"}
{"path": "/media/documents/2020/12/21/file12345678_W6T1ioT.txt"}
{"path": "/files/"}
{"path": "/files/"}
{"path": "/files/"}
{"path": "/files/"}
{"path": "/media/documents/2020/12/17/file.txt"}
{"path": "/media/documents/2020/12/17/file123.txt"}
{"path": "/media/documents/2020/12/21/file1234567.txt"}
{"path": "/files/"}
{"path": "/files/"}
{"path": "/files/"}
{"path": "/files/"}
{"path": "/admin/"}
{"path": "/admin/files/document/"}
{"path": "/admin/jsi18n/"}
{"path": "/admin/files/document/add/"}
{"path": "/admin/jsi18n/"}
{"path": "/admin/files/document/add/"}
{"path": "/admin/jsi18n/"}
{"path": "/files/"}
{"path": "/files/"}
{"path": "/files/"}
{"path": "/files/"}
{"path": "/files/"}
{"path": "/files/"}
{"path": "/files/"}
{"path": "/files/"}
{"path": "/files/"}
{"path": "/favicon.ico"}
{"path": "/files/"}
{"path": "/files/"}
{"path": "/files/"}
{"path": "/files/"}
{"path": "/files/"}
{"path": "/files/"}
{"path": "/files/"}
{"path": "/"}
{"path": "/files/"}
{"path": "/files/"}
{"path": "/files/"}
{"path": "/files/"}
{"path": "/files/"}
{"path": "/files/"}
{"path": "/files/"}
{"path": "/files/"}
{"path": "/files2/"}
{"path": "/files2/"}
{"path": "/files2/"}
{"path": "/files2/"}
{"path": "/files2/"}
{"path": "/files2/"}
{"path": "/favicon.ico"}
{"path": "/files/"}
{"path": "/files/"}
{"path": "/files/"}
{"path": "/files/"}
{"path": "/files/"}
{"path": "/files/"}
{"path": "/files/"}
{"path": "/files/"}
{"path": "/files/"}
{"path": "/files/"}
{"path": "/files/"}
{"path": "/files/"}
{"path": "/files/"}
{"path": "/files/"}
{"path": "/files/"}
{"path": "/files/"}
{"path": "/files/"}
{"path": "/files/"}
{"path": "/files/"}
{"path": "/files/"}
{"path": "/files/"}
{"path": "/media/documents/2020/12/23/file123456789101112131415161718192021222324252627282930313233343536_J97r9k0.txt"}
{"path": "/media/documents/2020/12/23/file123456789101112131415161718192021222324252627282930313233343536_2NBcSCl.txt"}
{"path": "/media/documents/2020/12/23/file1234567891011121314151617181920212223242526272829.txt"}
{"path": "/media/documents/2020/12/23/file123456789101112131415161718192021222324252627282930313233343536_sLljOsk.txt"}
{"path": "/media/documents/2020/12/23/file12345678910111213141516171819202122232425262728293031.txt"}
{"path": "/media/documents/2020/12/23/file123456789101112131415161718192021222324252627282930313233343536_bND1YFC.txt"}
{"path": "/media/documents/2020/12/23/file123456789101112131415161718192021222324252627282930313233343536_3wTf1yv.txt"}
{"path": "/media/documents/2020/12/23/file123456789101112131415161718192021222324252627282930313233343536_Pl4bWrk.txt"}
{"path": "/media/documents/2020/12/23/file.txt"}
